<?xml version="1.0" encoding="UTF-8"?>
<testsuite xmlns:xsi="http://www.w3.org/2001/XMLSchema-instance" xsi:noNamespaceSchemaLocation="https://maven.apache.org/surefire/maven-surefire-plugin/xsd/surefire-test-report-3.0.xsd" version="3.0" name="eci.escuelaing.edu.co.HttpServerTest" time="1.11" tests="4" errors="0" skipped="0" failures="0">
  <properties>
[...]
</properties>
  <testcase name="testNotFound" classname="eci.escuelaing.edu.co.HttpServerTest" time="0.062">
    <system-out><![CDATA[Servidor iniciado en puerto 36000
PeticiÃ³n: GET /prueba.html HTTP/1.1
Path: /prueba.html
]]></system-out>
  </testcase>
  <testcase name="testIndexHtmlExists" classname="eci.escuelaing.edu.co.HttpServerTest" time="0.0">
    <system-out><![CDATA[PeticiÃ³n: GET / HTTP/1.1
Path: /
]]></system-out>
  </testcase>
  <testcase name="testHelloApi" classname="eci.escuelaing.edu.co.HttpServerTest" time="0.0">
    <system-out><![CDATA[PeticiÃ³n: GET /app/hello?name=Sebastian HTTP/1.1
Path: /app/hello
Query: name=Sebastian
]]></system-out>
  </testcase>
  <testcase name="testServicioNoEncontrado" classname="eci.escuelaing.edu.co.HttpServerTest" time="0.0">
    <system-out><![CDATA[PeticiÃ³n: GET /app/noEndpoint HTTP/1.1
Path: /app/noEndpoint
]]></system-out>
  </testcase>
</testsuite>